# JRE version: Java(TM) SE Runtime Environment (8.0_251-b08) (build 1.8.0_251-b08)
# Java VM: Java HotSpot(TM) 64-Bit Server VM (25.251-b08 mixed mode windows-amd64 compressed oops)
Heap:
 PSYoungGen      total 125952K, used 63261K [0x00000000d5f80000, 0x00000000de600000, 0x0000000100000000)
  eden space 119808K, 47% used [0x00000000d5f80000,0x00000000d97491c8,0x00000000dd480000)
  from space 6144K, 99% used [0x00000000de000000,0x00000000de5fe580,0x00000000de600000)
  to   space 8704K, 0% used [0x00000000dd500000,0x00000000dd500000,0x00000000ddd80000)
 ParOldGen       total 47616K, used 24801K [0x0000000081e00000, 0x0000000084c80000, 0x00000000d5f80000)
  object space 47616K, 52% used [0x0000000081e00000,0x00000000836387a8,0x0000000084c80000)
 Metaspace       used 49146K, capacity 52384K, committed 52520K, reserved 1095680K
  class space    used 6825K, capacity 7381K, committed 7464K, reserved 1048576K
GC Heap History (10 events):
Event: 2.830 GC heap before
{Heap before GC invocations=8 (full 1):
 PSYoungGen      total 71680K, used 66560K [0x00000000d5f80000, 0x00000000daa80000, 0x0000000100000000)
  eden space 66560K, 100% used [0x00000000d5f80000,0x00000000da080000,0x00000000da080000)
  from space 5120K, 0% used [0x00000000da580000,0x00000000da580000,0x00000000daa80000)
  to   space 5120K, 0% used [0x00000000da080000,0x00000000da080000,0x00000000da580000)
 ParOldGen       total 47616K, used 6071K [0x0000000081e00000, 0x0000000084c80000, 0x00000000d5f80000)
  object space 47616K, 12% used [0x0000000081e00000,0x00000000823edf10,0x0000000084c80000)
 Metaspace       used 24777K, capacity 26152K, committed 26240K, reserved 1071104K
  class space    used 3377K, capacity 3672K, committed 3712K, reserved 1048576K
Event: 2.835 GC heap after
Heap after GC invocations=8 (full 1):
 PSYoungGen      total 71680K, used 5106K [0x00000000d5f80000, 0x00000000de900000, 0x0000000100000000)
  eden space 66560K, 0% used [0x00000000d5f80000,0x00000000d5f80000,0x00000000da080000)
  from space 5120K, 99% used [0x00000000da080000,0x00000000da57ca58,0x00000000da580000)
  to   space 9216K, 0% used [0x00000000de000000,0x00000000de000000,0x00000000de900000)
 ParOldGen       total 47616K, used 7828K [0x0000000081e00000, 0x0000000084c80000, 0x00000000d5f80000)
  object space 47616K, 16% used [0x0000000081e00000,0x00000000825a5318,0x0000000084c80000)
 Metaspace       used 24777K, capacity 26152K, committed 26240K, reserved 1071104K
  class space    used 3377K, capacity 3672K, committed 3712K, reserved 1048576K
}
Event: 3.145 GC heap before
{Heap before GC invocations=9 (full 1):
 PSYoungGen      total 71680K, used 71666K [0x00000000d5f80000, 0x00000000de900000, 0x0000000100000000)
  eden space 66560K, 100% used [0x00000000d5f80000,0x00000000da080000,0x00000000da080000)
  from space 5120K, 99% used [0x00000000da080000,0x00000000da57ca58,0x00000000da580000)
  to   space 9216K, 0% used [0x00000000de000000,0x00000000de000000,0x00000000de900000)
 ParOldGen       total 47616K, used 7828K [0x0000000081e00000, 0x0000000084c80000, 0x00000000d5f80000)
  object space 47616K, 16% used [0x0000000081e00000,0x00000000825a5318,0x0000000084c80000)
 Metaspace       used 27853K, capacity 29758K, committed 30080K, reserved 1075200K
  class space    used 3760K, capacity 4119K, committed 4224K, reserved 1048576K
Event: 3.150 GC heap after
Heap after GC invocations=9 (full 1):
 PSYoungGen      total 125952K, used 6052K [0x00000000d5f80000, 0x00000000de600000, 0x0000000100000000)
  eden space 119808K, 0% used [0x00000000d5f80000,0x00000000d5f80000,0x00000000dd480000)
  from space 6144K, 98% used [0x00000000de000000,0x00000000de5e9188,0x00000000de600000)
  to   space 8704K, 0% used [0x00000000dd500000,0x00000000dd500000,0x00000000ddd80000)
 ParOldGen       total 47616K, used 7836K [0x0000000081e00000, 0x0000000084c80000, 0x00000000d5f80000)
  object space 47616K, 16% used [0x0000000081e00000,0x00000000825a7318,0x0000000084c80000)
 Metaspace       used 27853K, capacity 29758K, committed 30080K, reserved 1075200K
  class space    used 3760K, capacity 4119K, committed 4224K, reserved 1048576K
}
Event: 3.753 GC heap before
{Heap before GC invocations=10 (full 1):
 PSYoungGen      total 125952K, used 69394K [0x00000000d5f80000, 0x00000000de600000, 0x0000000100000000)
  eden space 119808K, 52% used [0x00000000d5f80000,0x00000000d9d5b750,0x00000000dd480000)
  from space 6144K, 98% used [0x00000000de000000,0x00000000de5e9188,0x00000000de600000)
  to   space 8704K, 0% used [0x00000000dd500000,0x00000000dd500000,0x00000000ddd80000)
 ParOldGen       total 47616K, used 7836K [0x0000000081e00000, 0x0000000084c80000, 0x00000000d5f80000)
  object space 47616K, 16% used [0x0000000081e00000,0x00000000825a7318,0x0000000084c80000)
 Metaspace       used 33308K, capacity 35452K, committed 35496K, reserved 1079296K
  class space    used 4631K, capacity 5009K, committed 5032K, reserved 1048576K
Event: 3.762 GC heap after
Heap after GC invocations=10 (full 1):
 PSYoungGen      total 128512K, used 8692K [0x00000000d5f80000, 0x00000000de600000, 0x0000000100000000)
  eden space 119808K, 0% used [0x00000000d5f80000,0x00000000d5f80000,0x00000000dd480000)
  from space 8704K, 99% used [0x00000000dd500000,0x00000000ddd7d278,0x00000000ddd80000)
  to   space 6144K, 0% used [0x00000000de000000,0x00000000de000000,0x00000000de600000)
 ParOldGen       total 47616K, used 9613K [0x0000000081e00000, 0x0000000084c80000, 0x00000000d5f80000)
  object space 47616K, 20% used [0x0000000081e00000,0x0000000082763568,0x0000000084c80000)
 Metaspace       used 33308K, capacity 35452K, committed 35496K, reserved 1079296K
  class space    used 4631K, capacity 5009K, committed 5032K, reserved 1048576K
}
Event: 3.762 GC heap before
{Heap before GC invocations=11 (full 2):
 PSYoungGen      total 128512K, used 8692K [0x00000000d5f80000, 0x00000000de600000, 0x0000000100000000)
  eden space 119808K, 0% used [0x00000000d5f80000,0x00000000d5f80000,0x00000000dd480000)
  from space 8704K, 99% used [0x00000000dd500000,0x00000000ddd7d278,0x00000000ddd80000)
  to   space 6144K, 0% used [0x00000000de000000,0x00000000de000000,0x00000000de600000)
 ParOldGen       total 47616K, used 9613K [0x0000000081e00000, 0x0000000084c80000, 0x00000000d5f80000)
  object space 47616K, 20% used [0x0000000081e00000,0x0000000082763568,0x0000000084c80000)
 Metaspace       used 33308K, capacity 35452K, committed 35496K, reserved 1079296K
  class space    used 4631K, capacity 5009K, committed 5032K, reserved 1048576K
Event: 3.805 GC heap after
Heap after GC invocations=11 (full 2):
 PSYoungGen      total 128512K, used 0K [0x00000000d5f80000, 0x00000000de600000, 0x0000000100000000)
  eden space 119808K, 0% used [0x00000000d5f80000,0x00000000d5f80000,0x00000000dd480000)
  from space 8704K, 0% used [0x00000000dd500000,0x00000000dd500000,0x00000000ddd80000)
  to   space 6144K, 0% used [0x00000000de000000,0x00000000de000000,0x00000000de600000)
 ParOldGen       total 47616K, used 16055K [0x0000000081e00000, 0x0000000084c80000, 0x00000000d5f80000)
  object space 47616K, 33% used [0x0000000081e00000,0x0000000082dadec0,0x0000000084c80000)
 Metaspace       used 33308K, capacity 35452K, committed 35496K, reserved 1079296K
  class space    used 4631K, capacity 5009K, committed 5032K, reserved 1048576K
}
Event: 5.436 GC heap before
{Heap before GC invocations=12 (full 2):
 PSYoungGen      total 128512K, used 119808K [0x00000000d5f80000, 0x00000000de600000, 0x0000000100000000)
  eden space 119808K, 100% used [0x00000000d5f80000,0x00000000dd480000,0x00000000dd480000)
  from space 8704K, 0% used [0x00000000dd500000,0x00000000dd500000,0x00000000ddd80000)
  to   space 6144K, 0% used [0x00000000de000000,0x00000000de000000,0x00000000de600000)
 ParOldGen       total 47616K, used 16055K [0x0000000081e00000, 0x0000000084c80000, 0x00000000d5f80000)
  object space 47616K, 33% used [0x0000000081e00000,0x0000000082dadec0,0x0000000084c80000)
 Metaspace       used 45129K, capacity 47624K, committed 47784K, reserved 1089536K
  class space    used 6256K, capacity 6717K, committed 6824K, reserved 1048576K
Event: 5.446 GC heap after
Heap after GC invocations=12 (full 2):
 PSYoungGen      total 125952K, used 6137K [0x00000000d5f80000, 0x00000000de600000, 0x0000000100000000)
  eden space 119808K, 0% used [0x00000000d5f80000,0x00000000d5f80000,0x00000000dd480000)
  from space 6144K, 99% used [0x00000000de000000,0x00000000de5fe580,0x00000000de600000)
  to   space 8704K, 0% used [0x00000000dd500000,0x00000000dd500000,0x00000000ddd80000)
 ParOldGen       total 47616K, used 24801K [0x0000000081e00000, 0x0000000084c80000, 0x00000000d5f80000)
  object space 47616K, 52% used [0x0000000081e00000,0x00000000836387a8,0x0000000084c80000)
 Metaspace       used 45129K, capacity 47624K, committed 47784K, reserved 1089536K
  class space    used 6256K, capacity 6717K, committed 6824K, reserved 1048576K
}

